[     606ms] [LOG] Angular is running in development mode. @ http://localhost:4200/@fs/C:/Projetos/Angular/zion_med_front/.angular/cache/20.3.20/zion_med_front/vite/deps/chunk-7574G4XO.js?v=7384ff6d:14745
[   23122ms] [VERBOSE] [DOM] Input elements should have autocomplete attributes (suggested: "current-password"): (More info: https://goo.gl/9p2vKq) %o @ http://localhost:4200/autenticacao:0
[   41301ms] [ERROR] Failed to load resource: the server responded with a status of 422 (Unprocessable Content) @ http://zion_med.test/api/v1/auth/login:0
[   88105ms] [LOG] Angular is running in development mode. @ http://localhost:4200/@fs/C:/Projetos/Angular/zion_med_front/.angular/cache/20.3.20/zion_med_front/vite/deps/chunk-7574G4XO.js?v=7384ff6d:14745
[   88983ms] [LOG] Angular is running in development mode. @ http://localhost:4200/@fs/C:/Projetos/Angular/zion_med_front/.angular/cache/20.3.20/zion_med_front/vite/deps/chunk-7574G4XO.js?v=7384ff6d:14745
[   89804ms] [LOG] Angular is running in development mode. @ http://localhost:4200/@fs/C:/Projetos/Angular/zion_med_front/.angular/cache/20.3.20/zion_med_front/vite/deps/chunk-7574G4XO.js?v=7384ff6d:14745
[   90683ms] [LOG] Angular is running in development mode. @ http://localhost:4200/@fs/C:/Projetos/Angular/zion_med_front/.angular/cache/20.3.20/zion_med_front/vite/deps/chunk-7574G4XO.js?v=7384ff6d:14745
[   91651ms] [LOG] Angular is running in development mode. @ http://localhost:4200/@fs/C:/Projetos/Angular/zion_med_front/.angular/cache/20.3.20/zion_med_front/vite/deps/chunk-7574G4XO.js?v=7384ff6d:14745
[   92602ms] [LOG] Angular is running in development mode. @ http://localhost:4200/@fs/C:/Projetos/Angular/zion_med_front/.angular/cache/20.3.20/zion_med_front/vite/deps/chunk-7574G4XO.js?v=7384ff6d:14745
[   93462ms] [LOG] Angular is running in development mode. @ http://localhost:4200/@fs/C:/Projetos/Angular/zion_med_front/.angular/cache/20.3.20/zion_med_front/vite/deps/chunk-7574G4XO.js?v=7384ff6d:14745
[   94276ms] [LOG] Angular is running in development mode. @ http://localhost:4200/@fs/C:/Projetos/Angular/zion_med_front/.angular/cache/20.3.20/zion_med_front/vite/deps/chunk-7574G4XO.js?v=7384ff6d:14745
[   95106ms] [LOG] Angular is running in development mode. @ http://localhost:4200/@fs/C:/Projetos/Angular/zion_med_front/.angular/cache/20.3.20/zion_med_front/vite/deps/chunk-7574G4XO.js?v=7384ff6d:14745
[   95930ms] [LOG] Angular is running in development mode. @ http://localhost:4200/@fs/C:/Projetos/Angular/zion_med_front/.angular/cache/20.3.20/zion_med_front/vite/deps/chunk-7574G4XO.js?v=7384ff6d:14745
[   96731ms] [LOG] Angular is running in development mode. @ http://localhost:4200/@fs/C:/Projetos/Angular/zion_med_front/.angular/cache/20.3.20/zion_med_front/vite/deps/chunk-7574G4XO.js?v=7384ff6d:14745
[   97581ms] [LOG] Angular is running in development mode. @ http://localhost:4200/@fs/C:/Projetos/Angular/zion_med_front/.angular/cache/20.3.20/zion_med_front/vite/deps/chunk-7574G4XO.js?v=7384ff6d:14745
[   98401ms] [LOG] Angular is running in development mode. @ http://localhost:4200/@fs/C:/Projetos/Angular/zion_med_front/.angular/cache/20.3.20/zion_med_front/vite/deps/chunk-7574G4XO.js?v=7384ff6d:14745
[   99198ms] [LOG] Angular is running in development mode. @ http://localhost:4200/@fs/C:/Projetos/Angular/zion_med_front/.angular/cache/20.3.20/zion_med_front/vite/deps/chunk-7574G4XO.js?v=7384ff6d:14745
[  100008ms] [LOG] Angular is running in development mode. @ http://localhost:4200/@fs/C:/Projetos/Angular/zion_med_front/.angular/cache/20.3.20/zion_med_front/vite/deps/chunk-7574G4XO.js?v=7384ff6d:14745
[  100804ms] [LOG] Angular is running in development mode. @ http://localhost:4200/@fs/C:/Projetos/Angular/zion_med_front/.angular/cache/20.3.20/zion_med_front/vite/deps/chunk-7574G4XO.js?v=7384ff6d:14745
[  101614ms] [LOG] Angular is running in development mode. @ http://localhost:4200/@fs/C:/Projetos/Angular/zion_med_front/.angular/cache/20.3.20/zion_med_front/vite/deps/chunk-7574G4XO.js?v=7384ff6d:14745
